timestamp: 2016-11-01T16:44:50.915451
CREATE TABLE auth_user(
    id INT AUTO_INCREMENT NOT NULL,
    first_name VARCHAR(128),
    last_name VARCHAR(128),
    email VARCHAR(512),
    password VARCHAR(512),
    registration_key VARCHAR(512),
    reset_password_key VARCHAR(512),
    registration_id VARCHAR(512),
    custom_password VARCHAR(512),
    PRIMARY KEY (id)
) ENGINE=InnoDB CHARACTER SET utf8;
timestamp: 2016-11-01T16:45:41.303440
CREATE TABLE auth_user(
    id INT AUTO_INCREMENT NOT NULL,
    first_name VARCHAR(128),
    last_name VARCHAR(128),
    email VARCHAR(512),
    password VARCHAR(512),
    registration_key VARCHAR(512),
    reset_password_key VARCHAR(512),
    registration_id VARCHAR(512),
    custom_password VARCHAR(512),
    PRIMARY KEY (id)
) ENGINE=InnoDB CHARACTER SET utf8;
faked!
timestamp: 2016-11-01T16:45:41.304027
CREATE TABLE auth_group(
    id INT AUTO_INCREMENT NOT NULL,
    role VARCHAR(512),
    description LONGTEXT,
    PRIMARY KEY (id)
) ENGINE=InnoDB CHARACTER SET utf8;
faked!
timestamp: 2016-11-01T16:45:41.304588
CREATE TABLE auth_membership(
    id INT AUTO_INCREMENT NOT NULL,
    user_id INT  , INDEX user_id__idx (user_id), FOREIGN KEY (user_id) REFERENCES auth_user (id) ON DELETE CASCADE,
    group_id INT  , INDEX group_id__idx (group_id), FOREIGN KEY (group_id) REFERENCES auth_group (id) ON DELETE CASCADE,
    PRIMARY KEY (id)
) ENGINE=InnoDB CHARACTER SET utf8;
faked!
timestamp: 2016-11-01T16:45:41.305250
CREATE TABLE auth_permission(
    id INT AUTO_INCREMENT NOT NULL,
    group_id INT  , INDEX group_id__idx (group_id), FOREIGN KEY (group_id) REFERENCES auth_group (id) ON DELETE CASCADE,
    name VARCHAR(512),
    table_name VARCHAR(512),
    record_id INT,
    PRIMARY KEY (id)
) ENGINE=InnoDB CHARACTER SET utf8;
faked!
timestamp: 2016-11-01T16:45:41.306517
CREATE TABLE auth_event(
    id INT AUTO_INCREMENT NOT NULL,
    time_stamp DATETIME,
    client_ip VARCHAR(512),
    user_id INT  , INDEX user_id__idx (user_id), FOREIGN KEY (user_id) REFERENCES auth_user (id) ON DELETE CASCADE,
    origin VARCHAR(512),
    description LONGTEXT,
    PRIMARY KEY (id)
) ENGINE=InnoDB CHARACTER SET utf8;
faked!
timestamp: 2016-11-01T16:45:41.307553
CREATE TABLE auth_cas(
    id INT AUTO_INCREMENT NOT NULL,
    user_id INT  , INDEX user_id__idx (user_id), FOREIGN KEY (user_id) REFERENCES auth_user (id) ON DELETE CASCADE,
    created_on DATETIME,
    service VARCHAR(512),
    ticket VARCHAR(512),
    renew CHAR(1),
    PRIMARY KEY (id)
) ENGINE=InnoDB CHARACTER SET utf8;
faked!
timestamp: 2016-11-01T16:45:41.310007
CREATE TABLE outlet(
    id INT AUTO_INCREMENT NOT NULL,
    name VARCHAR(512),
    is_active CHAR(1),
    created_on DATETIME,
    created_by INT  , INDEX created_by__idx (created_by), FOREIGN KEY (created_by) REFERENCES auth_user (id) ON DELETE CASCADE,
    modified_on DATETIME,
    modified_by INT  , INDEX modified_by__idx (modified_by), FOREIGN KEY (modified_by) REFERENCES auth_user (id) ON DELETE CASCADE,
    PRIMARY KEY (id)
) ENGINE=InnoDB CHARACTER SET utf8;
faked!
timestamp: 2016-11-01T16:45:41.310807
CREATE TABLE question(
    id INT AUTO_INCREMENT NOT NULL,
    name VARCHAR(512),
    is_active CHAR(1),
    created_on DATETIME,
    created_by INT  , INDEX created_by__idx (created_by), FOREIGN KEY (created_by) REFERENCES auth_user (id) ON DELETE CASCADE,
    modified_on DATETIME,
    modified_by INT  , INDEX modified_by__idx (modified_by), FOREIGN KEY (modified_by) REFERENCES auth_user (id) ON DELETE CASCADE,
    PRIMARY KEY (id)
) ENGINE=InnoDB CHARACTER SET utf8;
faked!
timestamp: 2016-11-01T16:45:41.312185
CREATE TABLE survey(
    id INT AUTO_INCREMENT NOT NULL,
    area VARCHAR(512),
    city_mm VARCHAR(512),
    city_en VARCHAR(512),
    township_mm VARCHAR(512),
    township_en VARCHAR(512),
    ward_mm VARCHAR(512),
    ward_en VARCHAR(512),
    street_mm VARCHAR(512),
    street_en VARCHAR(512),
    outlet_type INT  , INDEX outlet_type__idx (outlet_type), FOREIGN KEY (outlet_type) REFERENCES outlet (id) ON DELETE CASCADE,
    outlet_mm VARCHAR(512),
    outlet_en VARCHAR(512),
    owner_mm VARCHAR(512),
    owner_en VARCHAR(512),
    phone1 VARCHAR(512),
    phone2 VARCHAR(512),
    phone3 VARCHAR(512),
    image1 VARCHAR(512),
    image2 VARCHAR(512),
    image3 VARCHAR(512),
    latitude VARCHAR(512),
    longitude VARCHAR(512),
    is_active CHAR(1),
    created_on DATETIME,
    created_by INT  , INDEX created_by__idx (created_by), FOREIGN KEY (created_by) REFERENCES auth_user (id) ON DELETE CASCADE,
    modified_on DATETIME,
    modified_by INT  , INDEX modified_by__idx (modified_by), FOREIGN KEY (modified_by) REFERENCES auth_user (id) ON DELETE CASCADE,
    PRIMARY KEY (id)
) ENGINE=InnoDB CHARACTER SET utf8;
faked!
timestamp: 2016-11-01T16:45:41.312933
CREATE TABLE survey_detail(
    id INT AUTO_INCREMENT NOT NULL,
    survey_id INT  , INDEX survey_id__idx (survey_id), FOREIGN KEY (survey_id) REFERENCES survey (id) ON DELETE CASCADE,
    question_id INT  , INDEX question_id__idx (question_id), FOREIGN KEY (question_id) REFERENCES question (id) ON DELETE CASCADE,
    answer INT,
    PRIMARY KEY (id)
) ENGINE=InnoDB CHARACTER SET utf8;
faked!
timestamp: 2016-11-02T09:18:12.128627
ALTER TABLE auth_user ADD department VARCHAR(512);
success!
timestamp: 2016-11-02T09:18:12.272163
ALTER TABLE auth_user ADD position_name VARCHAR(512);
success!
success!
success!
